Loading required package: tidyverse
── Attaching core tidyverse packages ──────────────────────── tidyverse 2.0.0 ──
✔ dplyr     1.1.4     ✔ readr     2.1.5
✔ forcats   1.0.0     ✔ stringr   1.5.1
✔ ggplot2   3.5.1     ✔ tibble    3.2.1
✔ lubridate 1.9.3     ✔ tidyr     1.3.1
✔ purrr     1.0.2     
── Conflicts ────────────────────────────────────────── tidyverse_conflicts() ──
✖ dplyr::filter() masks stats::filter()
✖ dplyr::lag()    masks stats::lag()
ℹ Use the conflicted package (<http://conflicted.r-lib.org/>) to force all conflicts to become errors
Loading required package: caret
Loading required package: lattice

Attaching package: ‘caret’

The following object is masked from ‘package:purrr’:

    lift

Loading required package: cmfrec
Loading required package: logger
INFO [2024-12-04 19:58:14] CREATE EDX AND FINAL_HOLDOUT_TEST SETS
Joining with `by = join_by(userId, movieId, rating, timestamp, title, genres)`
Warning message:
In set.seed(1, sample.kind = "Rounding") :
  non-uniform 'Rounding' sampler used
Warning message:
In set.seed(1, sample.kind = "Rounding") :
  non-uniform 'Rounding' sampler used
Joining with `by = join_by(userId, movieId, rating, timestamp, Action,
Adventure, Animation, Children, Comedy, Crime, Documentary, Drama, Fantasy,
`Film-Noir`, Horror, Musical, Mystery, Romance, `Sci-Fi`, Thriller, War,
Western, year)`
Saving 7 x 7 in image
[1] 0.7945492
Saving 7 x 7 in image
[1] 0.7988243
